<?xml version="1.0" encoding="UTF-8"?>
<testsuite name="jobshop.encodings.EncodingTests" tests="3" skipped="0" failures="0" errors="0" timestamp="2020-04-06T16:24:36" hostname="archlab" time="0.049">
  <properties/>
  <testcase name="testBasicSolver" classname="jobshop.encodings.EncodingTests" time="0.023"/>
  <testcase name="testResourceOrder" classname="jobshop.encodings.EncodingTests" time="0.009"/>
  <testcase name="testJobNumbers" classname="jobshop.encodings.EncodingTests" time="0.015"/>
  <system-out><![CDATA[JOB-0 : 0 -> 0 | 1 -> 3 | 2 -> 6 | 
JOB-1 : 0 -> 0 | 1 -> 3 | 2 -> 8 | 

]]></system-out>
  <system-err><![CDATA[]]></system-err>
</testsuite>
