<?xml version="1.0" encoding="UTF-8"?>
<testsuite name="jobshop.encodings.EncodingTests" tests="3" skipped="0" failures="0" errors="0" timestamp="2020-04-06T10:50:04" hostname="archlab" time="0.038">
  <properties/>
  <testcase name="testBasicSolver" classname="jobshop.encodings.EncodingTests" time="0.024"/>
  <testcase name="testResourceOrder" classname="jobshop.encodings.EncodingTests" time="0.005"/>
  <testcase name="testJobNumbers" classname="jobshop.encodings.EncodingTests" time="0.008"/>
  <system-out><![CDATA[JOB-0 : 0 -> 0 | 1 -> 3 | 2 -> 6 | 
JOB-1 : 0 -> 0 | 1 -> 3 | 2 -> 8 | 

]]></system-out>
  <system-err><![CDATA[]]></system-err>
</testsuite>
